Log file open, 10/19/18 15:59:43
LogWindows: Failed to load 'aqProf.dll' (GetLastError=126)
LogWindows: File 'aqProf.dll' does not exist
LogWindows: Failed to load 'VtuneApi.dll' (GetLastError=126)
LogWindows: File 'VtuneApi.dll' does not exist
LogWindows: Failed to load 'VtuneApi32e.dll' (GetLastError=126)
LogWindows: File 'VtuneApi32e.dll' does not exist
LogInit: Display: Running engine for game: RemoteMechanic
LogPlatformFile: Not using cached read wrapper
LogInit: Display: RandInit(797467312) SRandInit(797467312).
LogInit: Read version file with build ID '3944462'
LogInit: Overriding engine version to CL 4033788, compatible CL 3944462
LogInit: Registered custom module enumerator with build ID '3944462'
LogTaskGraph: Started task graph with 5 named threads and 35 total threads with 3 sets of task threads.
LogStats: Stats thread started at 0.467000
LogD3D11RHI: Aftermath initialized
LogICUInternationalization: Display: ICU TimeZone Detection - Raw Offset: +0:00, Platform Override: ''
LogModuleManager: Display: Found up-to-date module file ../../../Engine/Plugins/2D/Paper2D/Binaries/Win64/UE4Editor-Paper2D.dll (API version 3944462).
LogModuleManager: Display: Found up-to-date module file ../../../Engine/Plugins/2D/Paper2D/Binaries/Win64/UE4Editor-Paper2DEditor.dll (API version 3944462).
LogModuleManager: Display: Found up-to-date module file ../../../Engine/Plugins/2D/Paper2D/Binaries/Win64/UE4Editor-PaperSpriteSheetImporter.dll (API version 3944462).
LogModuleManager: Display: Found up-to-date module file ../../../Engine/Plugins/2D/Paper2D/Binaries/Win64/UE4Editor-PaperTiledImporter.dll (API version 3944462).
LogModuleManager: Display: Found up-to-date module file ../../../Engine/Plugins/2D/Paper2D/Binaries/Win64/UE4Editor-SmartSnapping.dll (API version 3944462).
LogModuleManager: Display: Found up-to-date module file ../../../Engine/Plugins/Blendables/LightPropagationVolume/Binaries/Win64/UE4Editor-LightPropagationVolumeRuntime.dll (API version 3944462).
LogModuleManager: Display: Found up-to-date module file ../../../Engine/Plugins/Blendables/LightPropagationVolume/Binaries/Win64/UE4Editor-LightPropagationVolumeEditor.dll (API version 3944462).
LogModuleManager: Display: Found up-to-date module file ../../../Engine/Plugins/Developer/CLionSourceCodeAccess/Binaries/Win64/UE4Editor-CLionSourceCodeAccess.dll (API version 3944462).
LogModuleManager: Display: Found up-to-date module file ../../../Engine/Plugins/Developer/GitSourceControl/Binaries/Win64/UE4Editor-GitSourceControl.dll (API version 3944462).
LogModuleManager: Display: Found up-to-date module file ../../../Engine/Plugins/Developer/PerforceSourceControl/Binaries/Win64/UE4Editor-PerforceSourceControl.dll (API version 3944462).
LogModuleManager: Display: Found up-to-date module file ../../../Engine/Plugins/Developer/SubversionSourceControl/Binaries/Win64/UE4Editor-SubversionSourceControl.dll (API version 3944462).
LogModuleManager: Display: Found up-to-date module file ../../../Engine/Plugins/Developer/UObjectPlugin/Binaries/Win64/UE4Editor-UObjectPlugin.dll (API version 3944462).
LogModuleManager: Display: Found up-to-date module file ../../../Engine/Plugins/Developer/VisualStudioCodeSourceCodeAccess/Binaries/Win64/UE4Editor-VisualStudioCodeSourceCodeAccess.dll (API version 3944462).
LogModuleManager: Display: Found up-to-date module file ../../../Engine/Plugins/Developer/VisualStudioSourceCodeAccess/Binaries/Win64/UE4Editor-VisualStudioSourceCodeAccess.dll (API version 3944462).
LogModuleManager: Display: Found up-to-date module file ../../../Engine/Plugins/Editor/AssetManagerEditor/Binaries/Win64/UE4Editor-AssetManagerEditor.dll (API version 3944462).
LogModuleManager: Display: Found up-to-date module file ../../../Engine/Plugins/Editor/CryptoKeys/Binaries/Win64/UE4Editor-CryptoKeys.dll (API version 3944462).
LogModuleManager: Display: Found up-to-date module file ../../../Engine/Plugins/Editor/CryptoKeys/Binaries/Win64/UE4Editor-CryptoKeysOpenSSL.dll (API version 3944462).
LogModuleManager: Display: Found up-to-date module file ../../../Engine/Plugins/Editor/DataValidation/Binaries/Win64/UE4Editor-DataValidation.dll (API version 3944462).
LogModuleManager: Display: Found up-to-date module file ../../../Engine/Plugins/Editor/FacialAnimation/Binaries/Win64/UE4Editor-FacialAnimation.dll (API version 3944462).
LogModuleManager: Display: Found up-to-date module file ../../../Engine/Plugins/Editor/FacialAnimation/Binaries/Win64/UE4Editor-FacialAnimationEditor.dll (API version 3944462).
LogModuleManager: Display: Found up-to-date module file ../../../Engine/Plugins/Editor/GameplayTagsEditor/Binaries/Win64/UE4Editor-GameplayTagsEditor.dll (API version 3944462).
LogModuleManager: Display: Found up-to-date module file ../../../Engine/Plugins/Editor/MobileLauncherProfileWizard/Binaries/Win64/UE4Editor-MobileLauncherProfileWizard.dll (API version 3944462).
LogModuleManager: Display: Found up-to-date module file ../../../Engine/Plugins/Editor/PluginBrowser/Binaries/Win64/UE4Editor-PluginBrowser.dll (API version 3944462).
LogModuleManager: Display: Found up-to-date module file ../../../Engine/Plugins/Editor/SpeedTreeImporter/Binaries/Win64/UE4Editor-SpeedTreeImporter.dll (API version 3944462).
LogModuleManager: Display: Found up-to-date module file ../../../Engine/Plugins/Enterprise/DatasmithContent/Binaries/Win64/UE4Editor-DatasmithContent.dll (API version 3944462).
LogModuleManager: Display: Found up-to-date module file ../../../Engine/Plugins/Experimental/AlembicImporter/Binaries/Win64/UE4Editor-AlembicImporter.dll (API version 3944462).
LogModuleManager: Display: Found up-to-date module file ../../../Engine/Plugins/Experimental/AlembicImporter/Binaries/Win64/UE4Editor-AlembicLibrary.dll (API version 3944462).
LogModuleManager: Display: Found up-to-date module file ../../../Engine/Plugins/Experimental/CharacterAI/Binaries/Win64/UE4Editor-CharacterAI.dll (API version 3944462).
LogModuleManager: Display: Found up-to-date module file ../../../Engine/Plugins/Experimental/HTML5Networking/Binaries/Win64/UE4Editor-HTML5Networking.dll (API version 3944462).
LogModuleManager: Display: Found up-to-date module file ../../../Engine/Plugins/Media/AndroidMedia/Binaries/Win64/UE4Editor-AndroidMediaEditor.dll (API version 3944462).
LogModuleManager: Display: Found up-to-date module file ../../../Engine/Plugins/Media/AndroidMedia/Binaries/Win64/UE4Editor-AndroidMediaFactory.dll (API version 3944462).
LogModuleManager: Display: Found up-to-date module file ../../../Engine/Plugins/Media/AvfMedia/Binaries/Win64/UE4Editor-AvfMediaEditor.dll (API version 3944462).
LogModuleManager: Display: Found up-to-date module file ../../../Engine/Plugins/Media/AvfMedia/Binaries/Win64/UE4Editor-AvfMediaFactory.dll (API version 3944462).
LogModuleManager: Display: Found up-to-date module file ../../../Engine/Plugins/Media/AvfMedia/Binaries/Win64/UE4Editor-AvfMediaFactory.dll (API version 3944462).
LogModuleManager: Display: Found up-to-date module file ../../../Engine/Plugins/Media/ImgMedia/Binaries/Win64/UE4Editor-ImgMedia.dll (API version 3944462).
LogModuleManager: Display: Found up-to-date module file ../../../Engine/Plugins/Media/ImgMedia/Binaries/Win64/UE4Editor-ImgMediaEditor.dll (API version 3944462).
LogModuleManager: Display: Found up-to-date module file ../../../Engine/Plugins/Media/ImgMedia/Binaries/Win64/UE4Editor-ImgMediaFactory.dll (API version 3944462).
LogModuleManager: Display: Found up-to-date module file ../../../Engine/Plugins/Media/ImgMedia/Binaries/Win64/UE4Editor-ImgMediaFactory.dll (API version 3944462).
LogModuleManager: Display: Found up-to-date module file ../../../Engine/Plugins/Media/ImgMedia/Binaries/Win64/UE4Editor-OpenExrWrapper.dll (API version 3944462).
LogModuleManager: Display: Found up-to-date module file ../../../Engine/Plugins/Media/LinearTimecode/Binaries/Win64/UE4Editor-LinearTimecode.dll (API version 3944462).
LogModuleManager: Display: Found up-to-date module file ../../../Engine/Plugins/Media/MediaCompositing/Binaries/Win64/UE4Editor-MediaCompositing.dll (API version 3944462).
LogModuleManager: Display: Found up-to-date module file ../../../Engine/Plugins/Media/MediaCompositing/Binaries/Win64/UE4Editor-MediaCompositingEditor.dll (API version 3944462).
LogModuleManager: Display: Found up-to-date module file ../../../Engine/Plugins/Media/MediaPlayerEditor/Binaries/Win64/UE4Editor-MediaPlayerEditor.dll (API version 3944462).
LogModuleManager: Display: Found up-to-date module file ../../../Engine/Plugins/Media/WmfMedia/Binaries/Win64/UE4Editor-WmfMedia.dll (API version 3944462).
LogModuleManager: Display: Found up-to-date module file ../../../Engine/Plugins/Media/WmfMedia/Binaries/Win64/UE4Editor-WmfMediaEditor.dll (API version 3944462).
LogModuleManager: Display: Found up-to-date module file ../../../Engine/Plugins/Media/WmfMedia/Binaries/Win64/UE4Editor-WmfMediaFactory.dll (API version 3944462).
LogModuleManager: Display: Found up-to-date module file ../../../Engine/Plugins/Media/WmfMedia/Binaries/Win64/UE4Editor-WmfMediaFactory.dll (API version 3944462).
LogModuleManager: Display: Found up-to-date module file ../../../Engine/Plugins/Messaging/TcpMessaging/Binaries/Win64/UE4Editor-TcpMessaging.dll (API version 3944462).
LogModuleManager: Display: Found up-to-date module file ../../../Engine/Plugins/Messaging/UdpMessaging/Binaries/Win64/UE4Editor-UdpMessaging.dll (API version 3944462).
LogModuleManager: Display: Found up-to-date module file ../../../Engine/Plugins/MovieScene/ActorSequence/Binaries/Win64/UE4Editor-ActorSequence.dll (API version 3944462).
LogModuleManager: Display: Found up-to-date module file ../../../Engine/Plugins/MovieScene/LevelSequenceEditor/Binaries/Win64/UE4Editor-LevelSequenceEditor.dll (API version 3944462).
LogModuleManager: Display: Found up-to-date module file ../../../Engine/Plugins/MovieScene/MatineeToLevelSequence/Binaries/Win64/UE4Editor-MatineeToLevelSequence.dll (API version 3944462).
LogModuleManager: Display: Found up-to-date module file ../../../Engine/Plugins/NetcodeUnitTest/NetcodeUnitTest/Binaries/Win64/UE4Editor-NetcodeUnitTest.dll (API version 3944462).
LogModuleManager: Display: Found up-to-date module file ../../../Engine/Plugins/NetcodeUnitTest/NUTUnrealEngine4/Binaries/Win64/UE4Editor-NUTUnrealEngine4.dll (API version 3944462).
LogModuleManager: Display: Found up-to-date module file ../../../Engine/Plugins/Online/OnlineSubsystem/Binaries/Win64/UE4Editor-OnlineSubsystem.dll (API version 3944462).
LogModuleManager: Display: Found up-to-date module file ../../../Engine/Plugins/Runtime/AndroidPermission/Binaries/Win64/UE4Editor-AndroidPermission.dll (API version 3944462).
LogModuleManager: Display: Found up-to-date module file ../../../Engine/Plugins/Online/OnlineSubsystemNull/Binaries/Win64/UE4Editor-OnlineSubsystemNull.dll (API version 3944462).
LogModuleManager: Display: Found up-to-date module file ../../../Engine/Plugins/Online/OnlineSubsystemUtils/Binaries/Win64/UE4Editor-OnlineSubsystemUtils.dll (API version 3944462).
LogModuleManager: Display: Found up-to-date module file ../../../Engine/Plugins/Online/OnlineSubsystemUtils/Binaries/Win64/UE4Editor-OnlineBlueprintSupport.dll (API version 3944462).
LogModuleManager: Display: Found up-to-date module file ../../../Engine/Plugins/Runtime/AndroidDeviceProfileSelector/Binaries/Win64/UE4Editor-AndroidDeviceProfileSelector.dll (API version 3944462).
LogModuleManager: Display: Found up-to-date module file ../../../Engine/Plugins/Runtime/AppleARKit/Binaries/Win64/UE4Editor-AppleARKit.dll (API version 3944462).
LogModuleManager: Display: Found up-to-date module file ../../../Engine/Plugins/Runtime/ProceduralMeshComponent/Binaries/Win64/UE4Editor-ProceduralMeshComponent.dll (API version 3944462).
LogModuleManager: Display: Found up-to-date module file ../../../Engine/Plugins/Runtime/ProceduralMeshComponent/Binaries/Win64/UE4Editor-ProceduralMeshComponentEditor.dll (API version 3944462).
LogModuleManager: Display: Found up-to-date module file ../../../Engine/Plugins/Animation/LiveLink/Binaries/Win64/UE4Editor-LiveLink.dll (API version 3944462).
LogModuleManager: Display: Found up-to-date module file ../../../Engine/Plugins/Animation/LiveLink/Binaries/Win64/UE4Editor-LiveLinkEditor.dll (API version 3944462).
LogModuleManager: Display: Found up-to-date module file ../../../Engine/Plugins/Runtime/ArchVisCharacter/Binaries/Win64/UE4Editor-ArchVisCharacter.dll (API version 3944462).
LogModuleManager: Display: Found up-to-date module file ../../../Engine/Plugins/Runtime/AudioCapture/Binaries/Win64/UE4Editor-AudioCapture.dll (API version 3944462).
LogModuleManager: Display: Found up-to-date module file ../../../Engine/Plugins/Runtime/AudioCapture/Binaries/Win64/UE4Editor-AudioCaptureEditor.dll (API version 3944462).
LogModuleManager: Display: Found up-to-date module file ../../../Engine/Plugins/Runtime/CableComponent/Binaries/Win64/UE4Editor-CableComponent.dll (API version 3944462).
LogModuleManager: Display: Found up-to-date module file ../../../Engine/Plugins/Runtime/CustomMeshComponent/Binaries/Win64/UE4Editor-CustomMeshComponent.dll (API version 3944462).
LogModuleManager: Display: Found up-to-date module file ../../../Engine/Plugins/Runtime/ExampleDeviceProfileSelector/Binaries/Win64/UE4Editor-ExampleDeviceProfileSelector.dll (API version 3944462).
LogModuleManager: Display: Found up-to-date module file ../../../Engine/Plugins/Runtime/ImmediatePhysics/Binaries/Win64/UE4Editor-ImmediatePhysics.dll (API version 3944462).
LogModuleManager: Display: Found up-to-date module file ../../../Engine/Plugins/Runtime/ImmediatePhysics/Binaries/Win64/UE4Editor-ImmediatePhysicsEditor.dll (API version 3944462).
LogModuleManager: Display: Found up-to-date module file ../../../Engine/Plugins/Runtime/LocationServicesBPLibrary/Binaries/Win64/UE4Editor-LocationServicesBPLibrary.dll (API version 3944462).
LogModuleManager: Display: Found up-to-date module file ../../../Engine/Plugins/Runtime/MobilePatchingUtils/Binaries/Win64/UE4Editor-MobilePatchingUtils.dll (API version 3944462).
LogModuleManager: Display: Found up-to-date module file ../../../Engine/Plugins/Runtime/Oculus/OculusVR/Binaries/Win64/UE4Editor-OculusHMD.dll (API version 3944462).
LogModuleManager: Display: Found up-to-date module file ../../../Engine/Plugins/Runtime/Oculus/OculusVR/Binaries/Win64/UE4Editor-OculusInput.dll (API version 3944462).
LogModuleManager: Display: Found up-to-date module file ../../../Engine/Plugins/Runtime/Oculus/OculusVR/Binaries/Win64/UE4Editor-OculusEditor.dll (API version 3944462).
LogModuleManager: Display: Found up-to-date module file ../../../Engine/Plugins/Runtime/PhysXVehicles/Binaries/Win64/UE4Editor-PhysXVehicles.dll (API version 3944462).
LogModuleManager: Display: Found up-to-date module file ../../../Engine/Plugins/Runtime/PhysXVehicles/Binaries/Win64/UE4Editor-PhysXVehiclesEditor.dll (API version 3944462).
LogModuleManager: Display: Found up-to-date module file ../../../Engine/Plugins/Runtime/RuntimePhysXCooking/Binaries/Win64/UE4Editor-RuntimePhysXCooking.dll (API version 3944462).
LogModuleManager: Display: Found up-to-date module file ../../../Engine/Plugins/Runtime/Steam/SteamVR/Binaries/Win64/UE4Editor-SteamVR.dll (API version 3944462).
LogModuleManager: Display: Found up-to-date module file ../../../Engine/Plugins/Runtime/Steam/SteamVR/Binaries/Win64/UE4Editor-SteamVRController.dll (API version 3944462).
LogModuleManager: Display: Found up-to-date module file ../../../Engine/Plugins/Runtime/WindowsMoviePlayer/Binaries/Win64/UE4Editor-WindowsMoviePlayer.dll (API version 3944462).
LogPluginManager: Mounting plugin Paper2D
LogPluginManager: Mounting plugin LiveLink
LogPluginManager: Mounting plugin LightPropagationVolume
LogPluginManager: Mounting plugin CLionSourceCodeAccess
LogPluginManager: Mounting plugin CodeLiteSourceCodeAccess
LogPluginManager: Mounting plugin GitSourceControl
LogPluginManager: Mounting plugin KDevelopSourceCodeAccess
LogPluginManager: Mounting plugin NullSourceCodeAccess
LogPluginManager: Mounting plugin PerforceSourceControl
LogPluginManager: Mounting plugin SubversionSourceControl
LogPluginManager: Mounting plugin UObjectPlugin
LogPluginManager: Mounting plugin VisualStudioCodeSourceCodeAccess
LogPluginManager: Mounting plugin VisualStudioSourceCodeAccess
LogPluginManager: Mounting plugin XCodeSourceCodeAccess
LogPluginManager: Mounting plugin AssetManagerEditor
LogPluginManager: Mounting plugin CryptoKeys
LogPluginManager: Mounting plugin DataValidation
LogPluginManager: Mounting plugin FacialAnimation
LogPluginManager: Mounting plugin GameplayTagsEditor
LogPluginManager: Mounting plugin MobileLauncherProfileWizard
LogPluginManager: Mounting plugin PluginBrowser
LogPluginManager: Mounting plugin SpeedTreeImporter
LogPluginManager: Mounting plugin DatasmithContent
LogPluginManager: Mounting plugin AlembicImporter
LogPluginManager: Mounting plugin CharacterAI
LogPluginManager: Mounting plugin HTML5Networking
LogPluginManager: Mounting plugin AndroidMedia
LogPluginManager: Mounting plugin AvfMedia
LogPluginManager: Mounting plugin ImgMedia
LogPluginManager: Mounting plugin LinearTimecode
LogPluginManager: Mounting plugin MediaCompositing
LogPluginManager: Mounting plugin MediaPlayerEditor
LogPluginManager: Mounting plugin WmfMedia
LogPluginManager: Mounting plugin TcpMessaging
LogPluginManager: Mounting plugin UdpMessaging
LogPluginManager: Mounting plugin ActorSequence
LogPluginManager: Mounting plugin LevelSequenceEditor
LogPluginManager: Mounting plugin MatineeToLevelSequence
LogPluginManager: Mounting plugin NetcodeUnitTest
LogPluginManager: Mounting plugin NUTUnrealEngine4
LogPluginManager: Mounting plugin OnlineSubsystemGooglePlay
LogPluginManager: Mounting plugin OnlineSubsystemIOS
LogPluginManager: Mounting plugin OnlineSubsystem
LogPluginManager: Mounting plugin OnlineSubsystemNull
LogPluginManager: Mounting plugin OnlineSubsystemUtils
LogPluginManager: Mounting plugin AndroidDeviceProfileSelector
LogPluginManager: Mounting plugin AndroidMoviePlayer
LogPluginManager: Mounting plugin AndroidPermission
LogPluginManager: Mounting plugin AppleARKit
LogPluginManager: Mounting plugin AppleMoviePlayer
LogPluginManager: Mounting plugin ArchVisCharacter
LogPluginManager: Mounting plugin AudioCapture
LogPluginManager: Mounting plugin CableComponent
LogPluginManager: Mounting plugin CustomMeshComponent
LogPluginManager: Mounting plugin ExampleDeviceProfileSelector
LogPluginManager: Mounting plugin GoogleCloudMessaging
LogPluginManager: Mounting plugin ImmediatePhysics
LogPluginManager: Mounting plugin IOSDeviceProfileSelector
LogPluginManager: Mounting plugin LinuxDeviceProfileSelector
LogPluginManager: Mounting plugin LocationServicesBPLibrary
LogPluginManager: Mounting plugin MobilePatchingUtils
LogPluginManager: Mounting plugin OculusVR
LogPluginManager: Plugin shader directory ../../../Engine/Plugins/Runtime/Oculus/OculusVR/Shaders found
LogPluginManager: Mapping shader source directory ../../../Engine/Plugins/Runtime/Oculus/OculusVR/Shaders to virtual directory /Plugin/OculusVR
LogPluginManager: Mounting plugin PhysXVehicles
LogPluginManager: Mounting plugin ProceduralMeshComponent
LogPluginManager: Mounting plugin RuntimePhysXCooking
LogPluginManager: Mounting plugin SteamVR
LogPluginManager: Mounting plugin WindowsMoviePlayer
LogStreaming: Display: Took  4.232s to configure plugins.
LogInit: Using libcurl 7.47.1
LogInit:  - built for x86_64-pc-win32
LogInit:  - supports SSL with OpenSSL/1.0.2g
LogInit:  - supports HTTP deflate (compression) using libz 1.2.8
LogInit:  - other features:
LogInit:      CURL_VERSION_SSL
LogInit:      CURL_VERSION_LIBZ
LogInit:      CURL_VERSION_IPV6
LogInit:      CURL_VERSION_ASYNCHDNS
LogInit:      CURL_VERSION_LARGEFILE
LogInit:      CURL_VERSION_IDN
LogInit:  CurlRequestOptions (configurable via config and command line):
LogInit:  - bVerifyPeer = false  - Libcurl will NOT verify peer certificate
LogInit:  - bUseHttpProxy = false  - Libcurl will NOT use HTTP proxy
LogInit:  - bDontReuseConnections = false  - Libcurl will reuse connections
LogInit:  - CertBundlePath = nullptr  - Libcurl will use whatever was configured at build time.
LogInit:  - MaxHostConnections = 16  - Libcurl will limit the number of connections to a host
LogInit:  - LocalHostAddr = Default
LogInit: WinSock: version 1.1 (2.2), MaxSocks=32767, MaxUdp=65467
LogInit: WinSock: I am C-02445 (10.9.70.145:0)
LogInit: Build: ++UE4+Release-4.19-CL-4033788
LogInit: Engine Version: 4.19.2-4033788+++UE4+Release-4.19
LogInit: Compatible Engine Version: 4.19.0-3944462+++UE4+Release-4.19
LogInit: Net CL: 3944462
LogDevObjectVersion: Number of dev versions registered: 18
LogDevObjectVersion:   Dev-Blueprints (B0D832E4-1F89-4F0D-ACCF-7EB736FD4AA2): 10
LogDevObjectVersion:   Dev-Build (E1C64328-A22C-4D53-A36C-8E866417BD8C): 0
LogDevObjectVersion:   Dev-Core (375EC13C-06E4-48FB-B500-84F0262A717E): 2
LogDevObjectVersion:   Dev-Editor (E4B068ED-F494-42E9-A231-DA0B2E46BB41): 23
LogDevObjectVersion:   Dev-Framework (CFFC743F-43B0-4480-9391-14DF171D2073): 33
LogDevObjectVersion:   Dev-Mobile (B02B49B5-BB20-44E9-A304-32B752E40360): 2
LogDevObjectVersion:   Dev-Networking (A4E4105C-59A1-49B5-A7C5-40C4547EDFEE): 0
LogDevObjectVersion:   Dev-Online (39C831C9-5AE6-47DC-9A44-9C173E1C8E7C): 0
LogDevObjectVersion:   Dev-Physics (78F01B33-EBEA-4F98-B9B4-84EACCB95AA2): 0
LogDevObjectVersion:   Dev-Platform (6631380F-2D4D-43E0-8009-CF276956A95A): 0
LogDevObjectVersion:   Dev-Rendering (12F88B9F-8875-4AFC-A67C-D90C383ABD29): 25
LogDevObjectVersion:   Dev-Sequencer (7B5AE74C-D270-4C10-A958-57980B212A5A): 6
LogDevObjectVersion:   Dev-VR (D7296918-1DD6-4BDD-9DE2-64A83CC13884): 1
LogDevObjectVersion:   Dev-LoadTimes (C2A15278-BFE7-4AFE-6C17-90FF531DF755): 1
LogDevObjectVersion:   Private-Geometry (6EACA3D4-40EC-4CC1-B786-8BED09428FC5): 2
LogDevObjectVersion:   Dev-AnimPhys (29E575DD-E0A3-4627-9D10-D276232CDCEA): 16
LogDevObjectVersion:   Dev-ReflectionCapture (6B266CEC-1EC7-4B8F-A30B-E4D90942FC07): 1
LogDevObjectVersion:   Dev-Automation (0DF73D61-A23F-47EA-B727-89E90C41499A): 1
LogInit: Compiled (64-bit): Apr 27 2018 02:06:57
LogInit: Compiled with Visual C++: 19.00.24215.01
LogInit: Build Configuration: Development
LogInit: Branch Name: ++UE4+Release-4.19
LogInit: Command Line: -EpicPortal 
LogInit: Base Directory: C:/Program Files/Epic Games/UE_4.19/Engine/Binaries/Win64/
LogInit: Installed Engine Build: 1
LogStreaming: Display: Took  0.009s to delete old logs.
LogInit: Presizing for max 8388607 objects, including 0 objects not considered by GC, pre-allocating 0 bytes for permanent pool.
LogInit: Object subsystem initialized
[2018.10.19-14.59.47:758][  0]LogInit: Selected Device Profile: [Windows]
[2018.10.19-14.59.47:758][  0]LogInit: Applying CVar settings loaded from the selected device profile: [Windows]
[2018.10.19-14.59.47:835][  0]LogInit: Computer: C-02445
[2018.10.19-14.59.47:835][  0]LogInit: User: 1702376
[2018.10.19-14.59.47:835][  0]LogInit: CPU Page size=4096, Cores=6
[2018.10.19-14.59.47:835][  0]LogInit: High frequency timer resolution =3.410078 MHz
[2018.10.19-14.59.47:836][  0]LogMemory: Memory total: Physical=31.9GB (32GB approx)
[2018.10.19-14.59.47:836][  0]LogMemory: Platform Memory Stats for Windows
[2018.10.19-14.59.47:836][  0]LogMemory: Process Physical Memory: 279.16 MB used, 279.16 MB peak
[2018.10.19-14.59.47:836][  0]LogMemory: Process Virtual Memory: 273.37 MB used, 273.37 MB peak
[2018.10.19-14.59.47:836][  0]LogMemory: Physical Memory: 10107.94 MB used,  22582.16 MB free, 32690.10 MB total
[2018.10.19-14.59.47:836][  0]LogMemory: Virtual Memory: 703.81 MB used,  22582.16 MB free, 134217728.00 MB total
[2018.10.19-14.59.47:877][  0]LogInit: Using OS detected language (en-GB).
[2018.10.19-14.59.47:877][  0]LogInit: Using OS detected locale (en-GB).
[2018.10.19-14.59.47:883][  0]LogTextLocalizationManager: No specific localization for 'en-GB' exists, so the 'en' localization will be used.
[2018.10.19-14.59.48:569][  0]LogStreaming: Display: Took  0.692s to EndInitTextLocalization.
[2018.10.19-14.59.48:569][  0]LogInit: Setting process to per monitor DPI aware
[2018.10.19-14.59.48:649][  0]LogSlate: New Slate User Created.  User Index 0, Is Virtual User: 0
[2018.10.19-14.59.48:649][  0]LogSlate: Slate User Registered.  User Index 0, Is Virtual User: 0
[2018.10.19-14.59.49:095][  0]LogD3D11RHI: D3D11 adapters:
[2018.10.19-14.59.49:190][  0]LogD3D11RHI:    0. 'NVIDIA GeForce GTX 1080' (Feature Level 11_0)
[2018.10.19-14.59.49:190][  0]LogD3D11RHI:       8086/0/16345 MB DedicatedVideo/DedicatedSystem/SharedSystem, Outputs:1, VendorId:0x10de
[2018.10.19-14.59.49:195][  0]LogD3D11RHI:    1. 'Microsoft Basic Render Driver' (Feature Level 11_0)
[2018.10.19-14.59.49:195][  0]LogD3D11RHI:       0/0/16345 MB DedicatedVideo/DedicatedSystem/SharedSystem, Outputs:0, VendorId:0x1414
[2018.10.19-14.59.49:195][  0]LogD3D11RHI: Chosen D3D11 Adapter: 0
[2018.10.19-14.59.49:218][  0]LogD3D11RHI: Creating new Direct3DDevice
[2018.10.19-14.59.49:218][  0]LogD3D11RHI:     GPU DeviceId: 0x1b80 (for the marketing name, search the web for "GPU Device Id")
[2018.10.19-14.59.49:218][  0]LogWindows: EnumDisplayDevices:
[2018.10.19-14.59.49:219][  0]LogWindows:    0. 'NVIDIA GeForce GTX 1080' (P:1 D:1)
[2018.10.19-14.59.49:220][  0]LogWindows:    1. 'NVIDIA GeForce GTX 1080' (P:0 D:0)
[2018.10.19-14.59.49:220][  0]LogWindows:    2. 'NVIDIA GeForce GTX 1080' (P:0 D:0)
[2018.10.19-14.59.49:221][  0]LogWindows:    3. 'NVIDIA GeForce GTX 1080' (P:0 D:0)
[2018.10.19-14.59.49:221][  0]LogWindows: DebugString: GetVideoDriverDetailsInvalid PrimaryIsNotTheChoosenAdapter GetVideoDriverDetailsInvalid PrimaryIsNotTheChoosenAdapter GetVideoDriverDetailsInvalid PrimaryIsNotTheChoosenAdapter GetVideoDriverDetailsInvalid PrimaryIsNotTheChoosenAdapter FoundDriverCount:0 
[2018.10.19-14.59.49:221][  0]LogD3D11RHI:     Adapter Name: NVIDIA GeForce GTX 1080
[2018.10.19-14.59.49:221][  0]LogD3D11RHI:   Driver Version: Unknown (internal:Unknown, unified:Unknown)
[2018.10.19-14.59.49:221][  0]LogD3D11RHI:      Driver Date: Unknown
[2018.10.19-14.59.49:221][  0]LogRHI: Texture pool is 5660 MB (70% of 8086 MB)
[2018.10.19-14.59.49:291][  0]LogD3D11RHI: [Aftermath] Aftermath enabled but failed to initialize
[2018.10.19-14.59.49:291][  0]LogD3D11RHI: [Aftermath] Aftermath enabled and primed
[2018.10.19-14.59.49:291][  0]LogD3D11RHI: Async texture creation enabled
[2018.10.19-14.59.49:306][  0]LogD3D11RHI: GPU Timing Frequency: 1000.000000 (Debug: 2 1)
[2018.10.19-14.59.49:352][  0]LogShaderCompilers: Guid format shader working directory is -3 characters bigger than the processId version (S:/Unreal Projects/Remote Mechanic/Mechanical Claw/Intermediate/Shaders/WorkingDirectory/18168/).
[2018.10.19-14.59.49:352][  0]LogShaderCompilers: Cleaned the shader compiler working directory 'C:/Users/1702376/AppData/Local/Temp/UnrealShaderWorkingDir/51D385B34AC4B17E0626589ECDCD0DAA/'.
[2018.10.19-14.59.50:364][  0]LogTemp: Display: Loaded TP AllDesktopTargetPlatform
[2018.10.19-14.59.50:391][  0]LogTemp: Display: Loaded TP MacClientTargetPlatform
[2018.10.19-14.59.50:429][  0]LogTemp: Display: Loaded TP MacNoEditorTargetPlatform
[2018.10.19-14.59.50:486][  0]LogTemp: Display: Loaded TP MacServerTargetPlatform
[2018.10.19-14.59.50:544][  0]LogTemp: Display: Loaded TP MacTargetPlatform
[2018.10.19-14.59.50:596][  0]LogTemp: Display: Loaded TP WindowsClientTargetPlatform
[2018.10.19-14.59.50:635][  0]LogTemp: Display: Loaded TP WindowsNoEditorTargetPlatform
[2018.10.19-14.59.50:674][  0]LogTemp: Display: Loaded TP WindowsServerTargetPlatform
[2018.10.19-14.59.50:752][  0]LogTemp: Display: Loaded TP WindowsTargetPlatform
[2018.10.19-14.59.50:779][  0]LogTemp: Display: Loaded TP Android_ASTCTargetPlatform
[2018.10.19-14.59.50:808][  0]LogTemp: Display: Loaded TP Android_ATCTargetPlatform
[2018.10.19-14.59.50:841][  0]LogTemp: Display: Loaded TP Android_DXTTargetPlatform
[2018.10.19-14.59.50:883][  0]LogTemp: Display: Loaded TP Android_ETC1aTargetPlatform
[2018.10.19-14.59.50:928][  0]LogTemp: Display: Loaded TP Android_ETC1TargetPlatform
[2018.10.19-14.59.50:958][  0]LogTemp: Display: Loaded TP Android_ETC2TargetPlatform
[2018.10.19-14.59.51:042][  0]LogTemp: Display: Loaded TP Android_MultiTargetPlatform
[2018.10.19-14.59.51:042][  0]LogTemp: Display: Loaded TP Android_PVRTCTargetPlatform
[2018.10.19-14.59.51:085][  0]LogTemp: Display: Loaded TP AndroidTargetPlatform
[2018.10.19-14.59.51:088][  0]LogTemp: Display: Loaded TP HTML5TargetPlatform
[2018.10.19-14.59.51:151][  0]LogTemp: Display: Loaded TP IOSTargetPlatform
[2018.10.19-14.59.51:202][  0]LogTemp: Display: Loaded TP TVOSTargetPlatform
[2018.10.19-14.59.51:235][  0]LogTemp: Display: Loaded TP LinuxClientTargetPlatform
[2018.10.19-14.59.51:261][  0]LogTemp: Display: Loaded TP LinuxNoEditorTargetPlatform
[2018.10.19-14.59.51:322][  0]LogTemp: Display: Loaded TP LinuxServerTargetPlatform
[2018.10.19-14.59.51:353][  0]LogTemp: Display: Loaded TP LinuxTargetPlatform
[2018.10.19-14.59.51:353][  0]LogTargetPlatformManager: Display: Building Assets For Windows
[2018.10.19-14.59.51:590][  0]LogXGEController: Cannot use XGE Controller as Incredibuild is not installed on this machine.
[2018.10.19-14.59.51:590][  0]LogShaderCompilers: Cannot use XGE Shader Compiler as Incredibuild is not installed on this machine.
[2018.10.19-14.59.51:590][  0]LogShaderCompilers: Display: Using Local Shader Compiler.
[2018.10.19-14.59.53:009][  0]LogDerivedDataCache: Display: Max Cache Size: 512 MB
[2018.10.19-14.59.53:135][  0]LogDerivedDataCache: Loaded boot cache 0.13s 74MB C:/Users/1702376/AppData/Local/UnrealEngine/4.19/DerivedDataCache/Boot.ddc.
[2018.10.19-14.59.53:135][  0]LogDerivedDataCache: Display: Loaded Boot cache: C:/Users/1702376/AppData/Local/UnrealEngine/4.19/DerivedDataCache/Boot.ddc
[2018.10.19-14.59.53:135][  0]LogDerivedDataCache: FDerivedDataBackendGraph:  Pak pak cache file S:/Unreal Projects/Remote Mechanic/Mechanical Claw/DerivedDataCache/DDC.ddp not found, will not use a pak cache.
[2018.10.19-14.59.53:135][  0]LogDerivedDataCache: Unable to find inner node Pak for hierarchical cache Hierarchy.
[2018.10.19-14.59.53:136][  0]LogDerivedDataCache: FDerivedDataBackendGraph:  CompressedPak pak cache file S:/Unreal Projects/Remote Mechanic/Mechanical Claw/DerivedDataCache/Compressed.ddp not found, will not use a pak cache.
[2018.10.19-14.59.53:136][  0]LogDerivedDataCache: Unable to find inner node CompressedPak for hierarchical cache Hierarchy.
[2018.10.19-14.59.53:152][  0]LogDerivedDataCache: Display: Pak cache opened for reading ../../../Engine/DerivedDataCache/Compressed.ddp.
[2018.10.19-14.59.53:165][  0]LogDerivedDataCache: Using Local data cache path C:/Users/1702376/AppData/Local/UnrealEngine/Common/DerivedDataCache: Writable
[2018.10.19-14.59.53:165][  0]LogDerivedDataCache: Shared data cache path not found in *engine.ini, will not use an Shared cache.
[2018.10.19-14.59.53:165][  0]LogDerivedDataCache: Unable to find inner node Shared for hierarchical cache Hierarchy.
[2018.10.19-14.59.53:183][  0]LogMaterial: Verifying Global Shaders for PCD3D_SM5
[2018.10.19-14.59.53:183][  0]LogSlate: Using Freetype 2.6.0
[2018.10.19-14.59.53:184][  0]LogSlate: SlateFontCache - WITH_FREETYPE: 1, WITH_HARFBUZZ: 1
[2018.10.19-14.59.53:184][  0]LogSlate: SlateFontCache - WITH_FREETYPE: 1, WITH_HARFBUZZ: 1
[2018.10.19-14.59.53:445][  0]LogAssetRegistry: FAssetRegistry took 0.0318 seconds to start up
[2018.10.19-14.59.54:316][  0]LogInit: Selected Device Profile: [Windows]
[2018.10.19-14.59.54:541][  0]LogSimplygon: Simplygon DLL not present - disabling.
[2018.10.19-14.59.54:548][  0]LogMeshReduction: Using SimplygonSwarm for distributed automatic mesh merging
[2018.10.19-14.59.54:548][  0]LogMeshReduction: Using QuadricMeshReduction for automatic static mesh reduction
[2018.10.19-14.59.54:548][  0]LogMeshReduction: No automatic skeletal mesh reduction module available
[2018.10.19-14.59.54:548][  0]LogMeshReduction: No automatic mesh merging module available
[2018.10.19-14.59.54:548][  0]LogMeshMerging: No automatic mesh merging module available
[2018.10.19-14.59.54:599][  0]LogNetVersion: RemoteMechanic , NetCL: 3944462, EngineNetVer: 2, GameNetVer: 0 (Checksum: 1458815388)
[2018.10.19-14.59.56:523][  0]LogPackageLocalizationCache: Processed 9 localized package path(s) for 2 prioritized culture(s) in 1.367432 seconds
[2018.10.19-14.59.56:530][  0]LogUObjectArray: 36728 objects as part of root set at end of initial load.
[2018.10.19-14.59.56:530][  0]LogUObjectAllocator: 7314304 out of 0 bytes used by permanent object pool.
[2018.10.19-14.59.56:530][  0]LogUObjectArray: CloseDisregardForGC: 0/0 objects in disregard for GC pool
[2018.10.19-14.59.58:673][  0]LogTcpMessaging: Initializing TcpMessaging bridge
[2018.10.19-14.59.58:718][  0]LogUdpMessaging: Initializing bridge on interface 0.0.0.0:0 to multicast group 230.0.0.1:6666.
[2018.10.19-14.59.58:719][  0]LogDirectoryWatcher: A directory notification failed for 'S:/Unreal Projects/Remote Mechanic/Mechanical Claw/Content/' because it was empty or there was a buffer overflow. Attemping another request...
[2018.10.19-14.59.59:349][  0]SourceControl: Source control is disabled
[2018.10.19-15.00.03:181][  0]LogAndroidPermission: UAndroidPermissionCallbackProxy::GetInstance
[2018.10.19-15.00.03:468][  0]LogOcInput: OculusInput pre-init called
[2018.10.19-15.00.03:631][  0]LogEngine: Initializing Engine...
[2018.10.19-15.00.03:634][  0]LogHMD: Failed to initialize OpenVR with code 110
[2018.10.19-15.00.03:653][  0]LogStats: UGameplayTagsManager::ConstructGameplayTagTree: Construct from data asset -  0.000 s
[2018.10.19-15.00.03:653][  0]LogStats: UGameplayTagsManager::ConstructGameplayTagTree: GameplayTagTreeChangedEvent.Broadcast -  0.000 s
[2018.10.19-15.00.03:896][  0]LogAIModule: Creating AISystem for world Untitled
[2018.10.19-15.00.03:922][  0]LogInit: XAudio2 using 'Speakers / Headphones (Realtek Audio)' : 2 channels at 48 kHz using 32 bits per sample (channel mask 0x3)
[2018.10.19-15.00.03:975][  0]LogInit: FAudioDevice initialized.
[2018.10.19-15.00.04:087][  0]LogDerivedDataCache: Saved boot cache 0.11s 74MB C:/Users/1702376/AppData/Local/UnrealEngine/4.19/DerivedDataCache/Boot.ddc.
[2018.10.19-15.00.04:103][  0]LogInit: Texture streaming: Enabled
[2018.10.19-15.00.04:130][  0]LogEngineSessionManager: EngineSessionManager initialized
[2018.10.19-15.00.04:156][  0]LogInit: Transaction tracking system initialized
[2018.10.19-15.00.04:192][  0]BlueprintLog: New page: Editor Load
[2018.10.19-15.00.04:333][  0]LocalizationService: Localization service is disabled
[2018.10.19-15.00.04:504][  0]LogConsoleResponse: Display: 
[2018.10.19-15.00.04:699][  0]LogCook: Display: Max memory allowance for cook 16384mb min free memory 0mb
[2018.10.19-15.00.04:699][  0]LogCook: Display: Mobile HDR setting 1
[2018.10.19-15.00.04:699][  0]LogGameplayTags: Display: UGameplayTagsManager::DoneAddingNativeTags. DelegateIsBound: 0
[2018.10.19-15.00.04:699][  0]LogStats: UGameplayTagsManager::ConstructGameplayTagTree: Construct from data asset -  0.000 s
[2018.10.19-15.00.04:700][  0]LogStats: UGameplayTagsManager::ConstructGameplayTagTree: GameplayTagTreeChangedEvent.Broadcast -  0.000 s
[2018.10.19-15.00.05:402][  0]LogFileCache: Scanning file cache for directory 'S:/Unreal Projects/Remote Mechanic/Mechanical Claw/Content/' took 0.03s
[2018.10.19-15.00.05:402][  0]Cmd: MAP LOAD FILE="S:/Unreal Projects/Remote Mechanic/Mechanical Claw/Content/FirstPersonBP/Maps/FirstPersonExampleMap.umap" TEMPLATE=0 SHOWPROGRESS=1 FEATURELEVEL=3
[2018.10.19-15.00.05:411][  0]LightingResults: New page: Lighting Build
[2018.10.19-15.00.05:415][  0]MapCheck: New page: Map Check
[2018.10.19-15.00.05:415][  0]LightingResults: New page: Lighting Build
[2018.10.19-15.00.05:583][  0]LogUObjectGlobals: Created PersistentFrame Addr=0x000001ac5229bba0, Size=72, Default__FirstPerson_AnimBP_C Function /Game/FirstPerson/Animations/FirstPerson_AnimBP.FirstPerson_AnimBP_C:ExecuteUbergraph_FirstPerson_AnimBP
[2018.10.19-15.00.05:591][  0]LogUObjectGlobals: Destroyed PersistentFrame Addr=0x000001ac5229bba0, Size=72
[2018.10.19-15.00.05:591][  0]LogUObjectGlobals: Created PersistentFrame Addr=0x000001ac5222f060, Size=72, Default__FirstPerson_AnimBP_C Function /Engine/Transient.REINST_FirstPerson_AnimBP_C_0:ExecuteUbergraph_FirstPerson_AnimBP
[2018.10.19-15.00.05:599][  0]LogUObjectGlobals: Created PersistentFrame Addr=0x000001ac521c71a0, Size=72, Default__FirstPerson_AnimBP_C Function /Game/FirstPerson/Animations/FirstPerson_AnimBP.FirstPerson_AnimBP_C:ExecuteUbergraph_FirstPerson_AnimBP
[2018.10.19-15.00.05:651][  0]LogUObjectGlobals: Created PersistentFrame Addr=0x000001ac521ca700, Size=256, Default__FirstPersonProjectile_C Function /Game/FirstPersonBP/Blueprints/FirstPersonProjectile.FirstPersonProjectile_C:ExecuteUbergraph_FirstPersonProjectile
[2018.10.19-15.00.05:656][  0]LogUObjectGlobals: Destroyed PersistentFrame Addr=0x000001ac521ca700, Size=256
[2018.10.19-15.00.05:656][  0]LogUObjectGlobals: Created PersistentFrame Addr=0x000001ac521ca700, Size=256, Default__FirstPersonProjectile_C Function /Engine/Transient.REINST_FirstPersonProjectile_C_4:ExecuteUbergraph_FirstPersonProjectile
[2018.10.19-15.00.05:658][  0]LogUObjectGlobals: Created PersistentFrame Addr=0x000001ac521c8b00, Size=256, Default__FirstPersonProjectile_C Function /Game/FirstPersonBP/Blueprints/FirstPersonProjectile.FirstPersonProjectile_C:ExecuteUbergraph_FirstPersonProjectile
[2018.10.19-15.00.06:206][  0]LogUObjectGlobals: Created PersistentFrame Addr=0x000001ac5b705980, Size=864, Default__FirstPersonCharacter_C Function /Game/FirstPersonBP/Blueprints/FirstPersonCharacter.FirstPersonCharacter_C:ExecuteUbergraph_FirstPersonCharacter
[2018.10.19-15.00.06:217][  0]LogUObjectGlobals: Destroyed PersistentFrame Addr=0x000001ac5b705980, Size=864
[2018.10.19-15.00.06:217][  0]LogUObjectGlobals: Created PersistentFrame Addr=0x000001ac5b705980, Size=864, Default__FirstPersonCharacter_C Function /Engine/Transient.REINST_FirstPersonCharacter_C_6:ExecuteUbergraph_FirstPersonCharacter
[2018.10.19-15.00.06:225][  0]LogUObjectGlobals: Created PersistentFrame Addr=0x000001ac5b704480, Size=864, Default__FirstPersonCharacter_C Function /Game/FirstPersonBP/Blueprints/FirstPersonCharacter.FirstPersonCharacter_C:ExecuteUbergraph_FirstPersonCharacter
[2018.10.19-15.00.06:563][  0]LogUObjectGlobals: Created PersistentFrame Addr=0x000001ac56594b00, Size=248, Default__Joystick_C Function /Game/Blueprints/Joystick.Joystick_C:ExecuteUbergraph_Joystick
[2018.10.19-15.00.06:567][  0]LogUObjectGlobals: Destroyed PersistentFrame Addr=0x000001ac56594b00, Size=248
[2018.10.19-15.00.06:567][  0]LogUObjectGlobals: Created PersistentFrame Addr=0x000001ac56594b00, Size=248, Default__Joystick_C Function /Engine/Transient.REINST_Joystick_C_10:ExecuteUbergraph_Joystick
[2018.10.19-15.00.06:568][  0]LogUObjectGlobals: Created PersistentFrame Addr=0x000001ac565a2200, Size=248, Default__Joystick_C Function /Game/Blueprints/Joystick.Joystick_C:ExecuteUbergraph_Joystick
[2018.10.19-15.00.06:589][  0]LogUObjectGlobals: Created PersistentFrame Addr=0x000001ac5657fe40, Size=52, Default__FirstPersonHUD_C Function /Game/FirstPersonBP/Blueprints/FirstPersonHUD.FirstPersonHUD_C:ExecuteUbergraph_FirstPersonHUD
[2018.10.19-15.00.06:592][  0]LogUObjectGlobals: Destroyed PersistentFrame Addr=0x000001ac5657fe40, Size=52
[2018.10.19-15.00.06:592][  0]LogUObjectGlobals: Created PersistentFrame Addr=0x000001ac5657fe40, Size=52, Default__FirstPersonHUD_C Function /Engine/Transient.REINST_FirstPersonHUD_C_12:ExecuteUbergraph_FirstPersonHUD
[2018.10.19-15.00.06:594][  0]LogUObjectGlobals: Created PersistentFrame Addr=0x000001ac5657f2a8, Size=52, Default__FirstPersonHUD_C Function /Game/FirstPersonBP/Blueprints/FirstPersonHUD.FirstPersonHUD_C:ExecuteUbergraph_FirstPersonHUD
[2018.10.19-15.00.07:001][  0]LogSkeletalMesh: Skeletal Mesh found in DDC [7.969906ms] /Game/FirstPerson/Character/Mesh/SK_Mannequin_Arms.SK_Mannequin_Arms
[2018.10.19-15.00.07:104][  0]LogSkeletalMesh: Skeletal Mesh found in DDC [3.358574ms] /Game/FirstPerson/FPWeapon/Mesh/SK_FPGun.SK_FPGun
[2018.10.19-15.00.07:135][  0]LogAIModule: Creating AISystem for world FirstPersonExampleMap
[2018.10.19-15.00.07:148][  0]LogEditorServer: Finished looking for orphan Actors (0.000 secs)
[2018.10.19-15.00.07:161][  0]LogUObjectGlobals: Destroyed PersistentFrame Addr=0x000001ac5222f060, Size=72
[2018.10.19-15.00.07:161][  0]LogUObjectGlobals: Destroyed PersistentFrame Addr=0x000001ac521ca700, Size=256
[2018.10.19-15.00.07:161][  0]LogUObjectGlobals: Destroyed PersistentFrame Addr=0x000001ac5b705980, Size=864
[2018.10.19-15.00.07:161][  0]LogUObjectGlobals: Destroyed PersistentFrame Addr=0x000001ac56594b00, Size=248
[2018.10.19-15.00.07:161][  0]LogUObjectGlobals: Destroyed PersistentFrame Addr=0x000001ac5657fe40, Size=52
[2018.10.19-15.00.07:162][  0]Cmd: MAP CHECKDEP NOCLEARLOG
[2018.10.19-15.00.07:300][  0]MapCheck: Map check complete: 0 Error(s), 0 Warning(s), took 137.141ms to complete.
[2018.10.19-15.00.07:300][  0]LogFileHelpers: Loading map 'FirstPersonExampleMap' took 1.897
[2018.10.19-15.00.07:490][  0]LogCollectionManager: Loaded 0 collections in 0.004441 seconds
[2018.10.19-15.00.07:535][  0]LogFileCache: Scanning file cache for directory 'S:/Unreal Projects/Remote Mechanic/Mechanical Claw/Saved/Collections/' took 0.01s
[2018.10.19-15.00.07:535][  0]LogFileCache: Scanning file cache for directory 'S:/Unreal Projects/Remote Mechanic/Mechanical Claw/Content/Developers/1702376/Collections/' took 0.01s
[2018.10.19-15.00.07:535][  0]LogFileCache: Scanning file cache for directory 'S:/Unreal Projects/Remote Mechanic/Mechanical Claw/Content/Collections/' took 0.01s
[2018.10.19-15.00.07:535][  0]LogCollectionManager: Rebuilt the GUID cache for 0 collections in 0.000001 seconds
[2018.10.19-15.00.07:545][  0]LogContentBrowser: Native class hierarchy populated in 0.0098 seconds. Added 2453 classes and 560 folders.
[2018.10.19-15.00.07:555][  0]LogContentBrowser: Native class hierarchy updated for 'WidgetCarousel' in 0.0003 seconds. Added 0 classes and 0 folders.
[2018.10.19-15.00.07:648][  0]LogContentBrowser: Native class hierarchy updated for 'AddContentDialog' in 0.0003 seconds. Added 0 classes and 0 folders.
[2018.10.19-15.00.07:746][  0]LogSlate: Took 0.000464 seconds to synchronously load lazily loaded font '../../../Engine/Content/Slate/Fonts/Roboto-Regular.ttf' (155K)
[2018.10.19-15.00.07:757][  0]LogSlate: Took 0.000463 seconds to synchronously load lazily loaded font '../../../Engine/Content/Slate/Fonts/Roboto-Bold.ttf' (160K)
[2018.10.19-15.00.07:761][  0]LogSlate: Took 0.000299 seconds to synchronously load lazily loaded font '../../../Engine/Content/Editor/Slate/Fonts/FontAwesome.ttf' (139K)
[2018.10.19-15.00.07:875][  0]LogRenderer: Reallocating scene render targets to support 1016x816 Format 10 NumSamples 1 (Frame:1).
[2018.10.19-15.00.08:005][  0]LogContentBrowser: Native class hierarchy updated for 'HierarchicalLODOutliner' in 0.0003 seconds. Added 0 classes and 0 folders.
[2018.10.19-15.00.08:005][  0]LogLoad: (Engine Initialization) Total time: 28.61 seconds
[2018.10.19-15.00.08:005][  0]LogLoad: (Engine Initialization) Total Blueprint compile time: 0.00 seconds
[2018.10.19-15.00.08:365][  0]LogDirectoryWatcher: A directory notification failed for 'S:/Unreal Projects/Remote Mechanic/Mechanical Claw/Content/' because it was empty or there was a buffer overflow. Attemping another request...
[2018.10.19-15.00.08:365][  0]LogDirectoryWatcher: A directory notification failed for 'S:/Unreal Projects/Remote Mechanic/Mechanical Claw/Content/', and we were unable to create a new request.
[2018.10.19-15.00.08:365][  0]LogDirectoryWatcher: A directory notification failed for 'S:/Unreal Projects/Remote Mechanic/Mechanical Claw/Saved/Collections/' because it was empty or there was a buffer overflow. Attemping another request...
[2018.10.19-15.00.08:365][  0]LogDirectoryWatcher: A directory notification failed for 'S:/Unreal Projects/Remote Mechanic/Mechanical Claw/Content/Developers/1702376/Collections/' because it was empty or there was a buffer overflow. Attemping another request...
[2018.10.19-15.00.08:366][  0]LogDirectoryWatcher: A directory notification failed for 'S:/Unreal Projects/Remote Mechanic/Mechanical Claw/Content/Collections/' because it was empty or there was a buffer overflow. Attemping another request...
[2018.10.19-15.00.08:366][  0]LogDirectoryWatcher: A directory notification failed for 'S:/Unreal Projects/Remote Mechanic/Mechanical Claw/Saved/Collections/' because it was empty or there was a buffer overflow. Attemping another request...
[2018.10.19-15.00.08:366][  0]LogDirectoryWatcher: A directory notification failed for 'S:/Unreal Projects/Remote Mechanic/Mechanical Claw/Saved/Collections/', and we were unable to create a new request.
[2018.10.19-15.00.08:366][  0]LogDirectoryWatcher: A directory notification failed for 'S:/Unreal Projects/Remote Mechanic/Mechanical Claw/Content/Developers/1702376/Collections/' because it was empty or there was a buffer overflow. Attemping another request...
[2018.10.19-15.00.08:367][  0]LogDirectoryWatcher: A directory notification failed for 'S:/Unreal Projects/Remote Mechanic/Mechanical Claw/Content/Developers/1702376/Collections/', and we were unable to create a new request.
[2018.10.19-15.00.08:367][  0]LogDirectoryWatcher: A directory notification failed for 'S:/Unreal Projects/Remote Mechanic/Mechanical Claw/Content/Collections/' because it was empty or there was a buffer overflow. Attemping another request...
[2018.10.19-15.00.08:368][  0]LogDirectoryWatcher: A directory notification failed for 'S:/Unreal Projects/Remote Mechanic/Mechanical Claw/Content/Collections/', and we were unable to create a new request.
[2018.10.19-15.00.08:377][  0]LogContentStreaming: Texture pool size now 1000 MB
[2018.10.19-15.00.08:695][  1]LogAssetRegistry: Asset discovery search completed in 15.2722 seconds
[2018.10.19-15.00.08:697][  1]LogCollectionManager: Rebuilt the object cache for 0 collections in 0.000001 seconds (found 0 objects)
[2018.10.19-15.00.08:697][  1]LogCollectionManager: Fixed up redirectors for 0 collections in 0.000055 seconds (updated 0 objects)
[2018.10.19-15.00.09:348][  3]LogSlate: Took 0.000373 seconds to synchronously load lazily loaded font '../../../Engine/Content/Slate/Fonts/Roboto-Light.ttf' (167K)
[2018.10.19-15.07.30:029][325]LogEditorViewport: Clicking on Actor (LMB): BP_Sky_Sphere_C (SkySphereBlueprint)
[2018.10.19-15.07.32:388][550]LogSlate: FSceneViewport::OnFocusLost() reason 0
[2018.10.19-15.07.32:874][559]LogContentBrowser: Native class hierarchy updated for 'BlueprintGraph' in 0.0007 seconds. Added 116 classes and 0 folders.
[2018.10.19-15.07.33:179][559]LogUObjectGlobals: Created PersistentFrame Addr=0x000001ac65de5788, Size=4, Default__SKEL_PROTO_BP_AnimBlueprint_0_C Function /Engine/Transient.SKEL_PROTO_BP_AnimBlueprint_0_C:ExecuteUbergraph_PROTO_BP_AnimBlueprint_0
[2018.10.19-15.07.33:180][559]LogUObjectGlobals: Created PersistentFrame Addr=0x000001ac65de5780, Size=4, Default__PROTO_BP_AnimBlueprint_0_C Function /Engine/Transient.PROTO_BP_AnimBlueprint_0_C:ExecuteUbergraph_PROTO_BP_AnimBlueprint_0
[2018.10.19-15.07.34:020][559]LogSlate: Took 0.000957 seconds to synchronously load lazily loaded font '../../../Engine/Content/Slate/Fonts/Roboto-BoldCondensed.ttf' (158K)
[2018.10.19-15.07.34:436][560]LogSlate: Took 0.000521 seconds to synchronously load lazily loaded font '../../../Engine/Content/Slate/Fonts/Roboto-Italic.ttf' (157K)
